0 info it worked if it ends with ok
1 verbose cli [ '/usr/local/bin/node',
1 verbose cli   '/usr/local/bin/npm',
1 verbose cli   'install',
1 verbose cli   'fixed-data-table',
1 verbose cli   './' ]
2 info using npm@2.5.1
3 info using node@v0.12.0
4 warn package.json express-expose@0.3.3 No repository field.
5 silly cache add args [ 'fixed-data-table', null ]
6 verbose cache add spec fixed-data-table
7 silly cache add args [ './', null ]
8 verbose cache add spec ./
9 silly cache add parsed spec { raw: 'fixed-data-table',
9 silly cache add   scope: null,
9 silly cache add   name: 'fixed-data-table',
9 silly cache add   rawSpec: '',
9 silly cache add   spec: '*',
9 silly cache add   type: 'range' }
10 verbose addNamed fixed-data-table@*
11 silly addNamed semver.valid null
12 silly addNamed semver.validRange *
13 silly addNameRange { name: 'fixed-data-table', range: '*', hasData: false }
14 silly mapToRegistry name fixed-data-table
15 silly mapToRegistry using default registry
16 silly mapToRegistry registry https://registry.npmjs.org/
17 silly mapToRegistry uri https://registry.npmjs.org/fixed-data-table
18 verbose addNameRange registry:https://registry.npmjs.org/fixed-data-table not in flight; fetching
19 silly cache add parsed spec { raw: './',
19 silly cache add   scope: null,
19 silly cache add   name: null,
19 silly cache add   rawSpec: './',
19 silly cache add   spec: '/home/ubuntu/countly_sidebar/frontend/express/public/javascripts',
19 silly cache add   type: 'local' }
20 error addLocal Could not install /home/ubuntu/countly_sidebar/frontend/express/public/javascripts
21 verbose request uri https://registry.npmjs.org/fixed-data-table
22 verbose request no auth needed
23 info attempt registry request try #1 at 9:50:23 AM
24 verbose request id 781f0314bb1178f7
25 verbose etag "DILZXOWHM0JKTMVS4XY0KIBHF"
26 http request GET https://registry.npmjs.org/fixed-data-table
27 http 304 https://registry.npmjs.org/fixed-data-table
28 silly get cb [ 304,
28 silly get   { date: 'Fri, 08 Jan 2016 09:50:59 GMT',
28 silly get     via: '1.1 varnish',
28 silly get     'cache-control': 'max-age=300',
28 silly get     etag: '"DILZXOWHM0JKTMVS4XY0KIBHF"',
28 silly get     age: '138',
28 silly get     connection: 'keep-alive',
28 silly get     'x-served-by': 'cache-jfk1035-JFK',
28 silly get     'x-cache': 'HIT',
28 silly get     'x-cache-hits': '1',
28 silly get     'x-timer': 'S1452246659.795627,VS0,VE0',
28 silly get     vary: 'Accept' } ]
29 verbose etag https://registry.npmjs.org/fixed-data-table from cache
30 verbose get saving fixed-data-table to /home/ubuntu/.npm/registry.npmjs.org/fixed-data-table/.cache.json
31 silly addNameRange number 2 { name: 'fixed-data-table', range: '*', hasData: true }
32 silly addNameRange versions [ 'fixed-data-table',
32 silly addNameRange   [ '0.1.0',
32 silly addNameRange     '0.1.1',
32 silly addNameRange     '0.1.2',
32 silly addNameRange     '0.2.0',
32 silly addNameRange     '0.3.0',
32 silly addNameRange     '0.4.0',
32 silly addNameRange     '0.4.1',
32 silly addNameRange     '0.4.2',
32 silly addNameRange     '0.4.3',
32 silly addNameRange     '0.4.4',
32 silly addNameRange     '0.4.5',
32 silly addNameRange     '0.4.6',
32 silly addNameRange     '0.4.7',
32 silly addNameRange     '0.5.0-rc1',
32 silly addNameRange     '0.5.0',
32 silly addNameRange     '0.6.0-rc1',
32 silly addNameRange     '0.6.0' ] ]
33 verbose addNamed fixed-data-table@0.6.0
34 silly addNamed semver.valid 0.6.0
35 silly addNamed semver.validRange 0.6.0
36 silly cache afterAdd fixed-data-table@0.6.0
37 verbose afterAdd /home/ubuntu/.npm/fixed-data-table/0.6.0/package/package.json not in flight; writing
38 verbose afterAdd /home/ubuntu/.npm/fixed-data-table/0.6.0/package/package.json written
39 verbose stack Error: EISDIR, read
39 verbose stack     at Error (native)
40 verbose cwd /home/ubuntu/countly_sidebar/frontend/express/public/javascripts
41 error Linux 3.13.0-48-generic
42 error argv "/usr/local/bin/node" "/usr/local/bin/npm" "install" "fixed-data-table" "./"
43 error node v0.12.0
44 error npm  v2.5.1
45 error code EISDIR
46 error errno -21
47 error EISDIR, read
48 error If you need help, you may report this error at:
48 error     <http://github.com/npm/npm/issues>
49 verbose exit [ -21, true ]
